<?xml version="1.0" encoding="UTF-8"?>
<!-- Generated by org.testng.reporters.JUnitReportReporter -->
<testsuite hostname="Manja" name="Test.maven_project.Selecttest" tests="1" failures="0" timestamp="9 Dec 2021 17:40:07 GMT" time="2.863" errors="0">
  <testcase name="Tc03" time="2.863" classname="Test.maven_project.Selecttest"/>
</testsuite> <!-- Test.maven_project.Selecttest -->
