<?xml version="1.0" encoding="UTF-8"?>
<!-- Generated by org.testng.reporters.JUnitReportReporter -->
<testsuite hostname="Manja" name="Test.maven_project.TC02test" tests="2" failures="0" timestamp="9 Dec 2021 11:01:21 GMT" time="0.016" errors="0">
  <testcase name="chocolateshop" time="0.016" classname="Test.maven_project.TC02test"/>
  <testcase name="icecreamshop" time="0.000" classname="Test.maven_project.TC02test"/>
</testsuite> <!-- Test.maven_project.TC02test -->
