<?xml version="1.0" encoding="UTF-8"?>
<!-- Generated by org.testng.reporters.JUnitReportReporter -->
<testsuite hostname="Manja" name="Test.maven_project.Registertest" tests="1" failures="0" timestamp="9 Dec 2021 11:14:52 GMT" time="3.730" errors="0">
  <testcase name="TC_01" time="3.730" classname="Test.maven_project.Registertest"/>
</testsuite> <!-- Test.maven_project.Registertest -->
